<html>
<head>
<title>TestNG:  订单模块</title>
<link href="../testng.css" rel="stylesheet" type="text/css" />
<link href="../my-testng.css" rel="stylesheet" type="text/css" />

<style type="text/css">
.log { display: none;} 
.stack-trace { display: none;} 
</style>
<script type="text/javascript">
<!--
function flip(e) {
  current = e.style.display;
  if (current == 'block') {
    e.style.display = 'none';
    return 0;
  }
  else {
    e.style.display = 'block';
    return 1;
  }
}

function toggleBox(szDivId, elem, msg1, msg2)
{
  var res = -1;  if (document.getElementById) {
    res = flip(document.getElementById(szDivId));
  }
  else if (document.all) {
    // this is the way old msie versions work
    res = flip(document.all[szDivId]);
  }
  if(elem) {
    if(res == 0) elem.innerHTML = msg1; else elem.innerHTML = msg2;
  }

}

function toggleAllBoxes() {
  if (document.getElementsByTagName) {
    d = document.getElementsByTagName('div');
    for (i = 0; i < d.length; i++) {
      if (d[i].className == 'log') {
        flip(d[i]);
      }
    }
  }
}

// -->
</script>

</head>
<body>
<h2 align='center'>订单模块</h2><table border='1' align="center">
<tr>
<td>Tests passed/Failed/Skipped:</td><td>5/7/0</td>
</tr><tr>
<td>Started on:</td><td>Tue Jan 07 18:34:23 GMT+08:00 2020</td>
</tr>
<tr><td>Total time:</td><td>3 seconds (3701 ms)</td>
</tr><tr>
<td>Included groups:</td><td></td>
</tr><tr>
<td>Excluded groups:</td><td></td>
</tr>
</table><p/>
<small><i>(Hover the method name to see the test class name)</i></small><p/>
<table width='100%' border='1' class='invocation-failed'>
<tr><td colspan='4' align='center'><b>FAILED TESTS</b></td></tr>
<tr><td><b>Test method</b></td>
<td width="30%"><b>Exception</b></td>
<td width="10%"><b>Time (seconds)</b></td>
<td><b>Instance</b></td>
</tr>
<tr>
<td title='com.lemon.cases.CreateType.test()'><b>test</b><br>Test class: com.lemon.cases.CreateType<br>Parameters: API [apiId=2, name=addContentType, type=post, url=https://ea-uat.covestro.cn/api/contentType/Add
, contentType=json], Case [caseId=6, desc=传内容类别，可用，ownerid，editorid, params={"typeName": "test-0109","isEnable": true,"owners": [8327],"editors": [14128]}, apiId=2]</td>
<td><div><pre>java.lang.IllegalArgumentException: Illegal character in path at index 46: https://ea-uat.covestro.cn/api/contentType/Add

	at java.net.URI.create(URI.java:852)
	at org.apache.http.client.methods.HttpPost.&lt;init&gt;(HttpPost.java:73)
	at com.lemon.utils.HttpUtils.testPostJson(HttpUtils.java:89)
	at com.lemon.utils.HttpUtils.call(HttpUtils.java:29)
	at com.lemon.cases.CreateType.test(CreateType.java:18)
Caused by: java.net.URISyntaxException: Illegal character in path at index 46: https://ea-uat.covestro.cn/api/contentType/Add

	at java.net.URI$Parser.fail(URI.java:2848)
	at java.net.URI$Parser.checkChars(URI.java:3021)
	at java.net.URI$Parser.parseHierarchical(URI.java:3105)
	at java.net.URI$Parser.parse(URI.java:3053)
	at java.net.URI.&lt;init&gt;(URI.java:588)
	at java.net.URI.create(URI.java:850)
	... 28 more
... Removed 24 stack frames</pre></div><a href='#' onClick='toggleBox("stack-trace912747546", this, "Click to show all stack frames", "Click to hide stack frames")'>Click to show all stack frames</a>
<div class='stack-trace' id='stack-trace912747546'><pre>java.lang.IllegalArgumentException: Illegal character in path at index 46: https://ea-uat.covestro.cn/api/contentType/Add

	at java.net.URI.create(URI.java:852)
	at org.apache.http.client.methods.HttpPost.&lt;init&gt;(HttpPost.java:73)
	at com.lemon.utils.HttpUtils.testPostJson(HttpUtils.java:89)
	at com.lemon.utils.HttpUtils.call(HttpUtils.java:29)
	at com.lemon.cases.CreateType.test(CreateType.java:18)
	at sun.reflect.NativeMethodAccessorImpl.invoke0(Native Method)
	at sun.reflect.NativeMethodAccessorImpl.invoke(NativeMethodAccessorImpl.java:62)
	at sun.reflect.DelegatingMethodAccessorImpl.invoke(DelegatingMethodAccessorImpl.java:43)
	at java.lang.reflect.Method.invoke(Method.java:498)
	at org.testng.internal.MethodInvocationHelper.invokeMethod(MethodInvocationHelper.java:84)
	at org.testng.internal.Invoker.invokeMethod(Invoker.java:714)
	at org.testng.internal.Invoker.invokeTestMethod(Invoker.java:901)
	at org.testng.internal.Invoker.invokeTestMethods(Invoker.java:1231)
	at org.testng.internal.TestMethodWorker.invokeTestMethods(TestMethodWorker.java:127)
	at org.testng.internal.TestMethodWorker.run(TestMethodWorker.java:111)
	at org.testng.TestRunner.privateRun(TestRunner.java:767)
	at org.testng.TestRunner.run(TestRunner.java:617)
	at org.testng.SuiteRunner.runTest(SuiteRunner.java:348)
	at org.testng.SuiteRunner.runSequentially(SuiteRunner.java:343)
	at org.testng.SuiteRunner.privateRun(SuiteRunner.java:305)
	at org.testng.SuiteRunner.run(SuiteRunner.java:254)
	at org.testng.SuiteRunnerWorker.runSuite(SuiteRunnerWorker.java:52)
	at org.testng.SuiteRunnerWorker.run(SuiteRunnerWorker.java:86)
	at org.testng.TestNG.runSuitesSequentially(TestNG.java:1224)
	at org.testng.TestNG.runSuitesLocally(TestNG.java:1149)
	at org.testng.TestNG.run(TestNG.java:1057)
	at org.testng.remote.RemoteTestNG.run(RemoteTestNG.java:111)
	at org.testng.remote.RemoteTestNG.initAndRun(RemoteTestNG.java:204)
	at org.testng.remote.RemoteTestNG.main(RemoteTestNG.java:175)
Caused by: java.net.URISyntaxException: Illegal character in path at index 46: https://ea-uat.covestro.cn/api/contentType/Add

	at java.net.URI$Parser.fail(URI.java:2848)
	at java.net.URI$Parser.checkChars(URI.java:3021)
	at java.net.URI$Parser.parseHierarchical(URI.java:3105)
	at java.net.URI$Parser.parse(URI.java:3053)
	at java.net.URI.&lt;init&gt;(URI.java:588)
	at java.net.URI.create(URI.java:850)
	... 28 more
</pre></div></td>
<td>0</td>
<td>com.lemon.cases.CreateType@3834d63f</td></tr>
<tr>
<td title='com.lemon.cases.CreateType.test()'><b>test</b><br>Test class: com.lemon.cases.CreateType<br>Parameters: API [apiId=2, name=addContentType, type=post, url=https://ea-uat.covestro.cn/api/contentType/Add
, contentType=json], Case [caseId=7, desc=传内容类别，可用，不传ownerid, params={"typeName": "test-0109","isEnable": true,"owners":,"editors": [14128]}, apiId=2]</td>
<td><div><pre>java.lang.IllegalArgumentException: Illegal character in path at index 46: https://ea-uat.covestro.cn/api/contentType/Add

	at java.net.URI.create(URI.java:852)
	at org.apache.http.client.methods.HttpPost.&lt;init&gt;(HttpPost.java:73)
	at com.lemon.utils.HttpUtils.testPostJson(HttpUtils.java:89)
	at com.lemon.utils.HttpUtils.call(HttpUtils.java:29)
	at com.lemon.cases.CreateType.test(CreateType.java:18)
Caused by: java.net.URISyntaxException: Illegal character in path at index 46: https://ea-uat.covestro.cn/api/contentType/Add

	at java.net.URI$Parser.fail(URI.java:2848)
	at java.net.URI$Parser.checkChars(URI.java:3021)
	at java.net.URI$Parser.parseHierarchical(URI.java:3105)
	at java.net.URI$Parser.parse(URI.java:3053)
	at java.net.URI.&lt;init&gt;(URI.java:588)
	at java.net.URI.create(URI.java:850)
	... 28 more
... Removed 24 stack frames</pre></div><a href='#' onClick='toggleBox("stack-trace1441328175", this, "Click to show all stack frames", "Click to hide stack frames")'>Click to show all stack frames</a>
<div class='stack-trace' id='stack-trace1441328175'><pre>java.lang.IllegalArgumentException: Illegal character in path at index 46: https://ea-uat.covestro.cn/api/contentType/Add

	at java.net.URI.create(URI.java:852)
	at org.apache.http.client.methods.HttpPost.&lt;init&gt;(HttpPost.java:73)
	at com.lemon.utils.HttpUtils.testPostJson(HttpUtils.java:89)
	at com.lemon.utils.HttpUtils.call(HttpUtils.java:29)
	at com.lemon.cases.CreateType.test(CreateType.java:18)
	at sun.reflect.NativeMethodAccessorImpl.invoke0(Native Method)
	at sun.reflect.NativeMethodAccessorImpl.invoke(NativeMethodAccessorImpl.java:62)
	at sun.reflect.DelegatingMethodAccessorImpl.invoke(DelegatingMethodAccessorImpl.java:43)
	at java.lang.reflect.Method.invoke(Method.java:498)
	at org.testng.internal.MethodInvocationHelper.invokeMethod(MethodInvocationHelper.java:84)
	at org.testng.internal.Invoker.invokeMethod(Invoker.java:714)
	at org.testng.internal.Invoker.invokeTestMethod(Invoker.java:901)
	at org.testng.internal.Invoker.invokeTestMethods(Invoker.java:1231)
	at org.testng.internal.TestMethodWorker.invokeTestMethods(TestMethodWorker.java:127)
	at org.testng.internal.TestMethodWorker.run(TestMethodWorker.java:111)
	at org.testng.TestRunner.privateRun(TestRunner.java:767)
	at org.testng.TestRunner.run(TestRunner.java:617)
	at org.testng.SuiteRunner.runTest(SuiteRunner.java:348)
	at org.testng.SuiteRunner.runSequentially(SuiteRunner.java:343)
	at org.testng.SuiteRunner.privateRun(SuiteRunner.java:305)
	at org.testng.SuiteRunner.run(SuiteRunner.java:254)
	at org.testng.SuiteRunnerWorker.runSuite(SuiteRunnerWorker.java:52)
	at org.testng.SuiteRunnerWorker.run(SuiteRunnerWorker.java:86)
	at org.testng.TestNG.runSuitesSequentially(TestNG.java:1224)
	at org.testng.TestNG.runSuitesLocally(TestNG.java:1149)
	at org.testng.TestNG.run(TestNG.java:1057)
	at org.testng.remote.RemoteTestNG.run(RemoteTestNG.java:111)
	at org.testng.remote.RemoteTestNG.initAndRun(RemoteTestNG.java:204)
	at org.testng.remote.RemoteTestNG.main(RemoteTestNG.java:175)
Caused by: java.net.URISyntaxException: Illegal character in path at index 46: https://ea-uat.covestro.cn/api/contentType/Add

	at java.net.URI$Parser.fail(URI.java:2848)
	at java.net.URI$Parser.checkChars(URI.java:3021)
	at java.net.URI$Parser.parseHierarchical(URI.java:3105)
	at java.net.URI$Parser.parse(URI.java:3053)
	at java.net.URI.&lt;init&gt;(URI.java:588)
	at java.net.URI.create(URI.java:850)
	... 28 more
</pre></div></td>
<td>0</td>
<td>com.lemon.cases.CreateType@3834d63f</td></tr>
<tr>
<td title='com.lemon.cases.CreateType.test()'><b>test</b><br>Test class: com.lemon.cases.CreateType<br>Parameters: API [apiId=2, name=addContentType, type=post, url=https://ea-uat.covestro.cn/api/contentType/Add
, contentType=json], Case [caseId=8, desc=传内容类别，可用，不传editorid, params={"typeName": "test-0109","isEnable": true,"owners": [8327],"editors":}, apiId=2]</td>
<td><div><pre>java.lang.IllegalArgumentException: Illegal character in path at index 46: https://ea-uat.covestro.cn/api/contentType/Add

	at java.net.URI.create(URI.java:852)
	at org.apache.http.client.methods.HttpPost.&lt;init&gt;(HttpPost.java:73)
	at com.lemon.utils.HttpUtils.testPostJson(HttpUtils.java:89)
	at com.lemon.utils.HttpUtils.call(HttpUtils.java:29)
	at com.lemon.cases.CreateType.test(CreateType.java:18)
Caused by: java.net.URISyntaxException: Illegal character in path at index 46: https://ea-uat.covestro.cn/api/contentType/Add

	at java.net.URI$Parser.fail(URI.java:2848)
	at java.net.URI$Parser.checkChars(URI.java:3021)
	at java.net.URI$Parser.parseHierarchical(URI.java:3105)
	at java.net.URI$Parser.parse(URI.java:3053)
	at java.net.URI.&lt;init&gt;(URI.java:588)
	at java.net.URI.create(URI.java:850)
	... 28 more
... Removed 24 stack frames</pre></div><a href='#' onClick='toggleBox("stack-trace2100572327", this, "Click to show all stack frames", "Click to hide stack frames")'>Click to show all stack frames</a>
<div class='stack-trace' id='stack-trace2100572327'><pre>java.lang.IllegalArgumentException: Illegal character in path at index 46: https://ea-uat.covestro.cn/api/contentType/Add

	at java.net.URI.create(URI.java:852)
	at org.apache.http.client.methods.HttpPost.&lt;init&gt;(HttpPost.java:73)
	at com.lemon.utils.HttpUtils.testPostJson(HttpUtils.java:89)
	at com.lemon.utils.HttpUtils.call(HttpUtils.java:29)
	at com.lemon.cases.CreateType.test(CreateType.java:18)
	at sun.reflect.NativeMethodAccessorImpl.invoke0(Native Method)
	at sun.reflect.NativeMethodAccessorImpl.invoke(NativeMethodAccessorImpl.java:62)
	at sun.reflect.DelegatingMethodAccessorImpl.invoke(DelegatingMethodAccessorImpl.java:43)
	at java.lang.reflect.Method.invoke(Method.java:498)
	at org.testng.internal.MethodInvocationHelper.invokeMethod(MethodInvocationHelper.java:84)
	at org.testng.internal.Invoker.invokeMethod(Invoker.java:714)
	at org.testng.internal.Invoker.invokeTestMethod(Invoker.java:901)
	at org.testng.internal.Invoker.invokeTestMethods(Invoker.java:1231)
	at org.testng.internal.TestMethodWorker.invokeTestMethods(TestMethodWorker.java:127)
	at org.testng.internal.TestMethodWorker.run(TestMethodWorker.java:111)
	at org.testng.TestRunner.privateRun(TestRunner.java:767)
	at org.testng.TestRunner.run(TestRunner.java:617)
	at org.testng.SuiteRunner.runTest(SuiteRunner.java:348)
	at org.testng.SuiteRunner.runSequentially(SuiteRunner.java:343)
	at org.testng.SuiteRunner.privateRun(SuiteRunner.java:305)
	at org.testng.SuiteRunner.run(SuiteRunner.java:254)
	at org.testng.SuiteRunnerWorker.runSuite(SuiteRunnerWorker.java:52)
	at org.testng.SuiteRunnerWorker.run(SuiteRunnerWorker.java:86)
	at org.testng.TestNG.runSuitesSequentially(TestNG.java:1224)
	at org.testng.TestNG.runSuitesLocally(TestNG.java:1149)
	at org.testng.TestNG.run(TestNG.java:1057)
	at org.testng.remote.RemoteTestNG.run(RemoteTestNG.java:111)
	at org.testng.remote.RemoteTestNG.initAndRun(RemoteTestNG.java:204)
	at org.testng.remote.RemoteTestNG.main(RemoteTestNG.java:175)
Caused by: java.net.URISyntaxException: Illegal character in path at index 46: https://ea-uat.covestro.cn/api/contentType/Add

	at java.net.URI$Parser.fail(URI.java:2848)
	at java.net.URI$Parser.checkChars(URI.java:3021)
	at java.net.URI$Parser.parseHierarchical(URI.java:3105)
	at java.net.URI$Parser.parse(URI.java:3053)
	at java.net.URI.&lt;init&gt;(URI.java:588)
	at java.net.URI.create(URI.java:850)
	... 28 more
</pre></div></td>
<td>0</td>
<td>com.lemon.cases.CreateType@3834d63f</td></tr>
<tr>
<td title='com.lemon.cases.CreateType.test()'><b>test</b><br>Test class: com.lemon.cases.CreateType<br>Parameters: API [apiId=2, name=addContentType, type=post, url=https://ea-uat.covestro.cn/api/contentType/Add
, contentType=json], Case [caseId=9, desc=传内容类别，可用，传不存在ownerid, params={"typeName": "test-0109","isEnable": true,"owners": [1111],"editors": [22692]}, apiId=2]</td>
<td><div><pre>java.lang.IllegalArgumentException: Illegal character in path at index 46: https://ea-uat.covestro.cn/api/contentType/Add

	at java.net.URI.create(URI.java:852)
	at org.apache.http.client.methods.HttpPost.&lt;init&gt;(HttpPost.java:73)
	at com.lemon.utils.HttpUtils.testPostJson(HttpUtils.java:89)
	at com.lemon.utils.HttpUtils.call(HttpUtils.java:29)
	at com.lemon.cases.CreateType.test(CreateType.java:18)
Caused by: java.net.URISyntaxException: Illegal character in path at index 46: https://ea-uat.covestro.cn/api/contentType/Add

	at java.net.URI$Parser.fail(URI.java:2848)
	at java.net.URI$Parser.checkChars(URI.java:3021)
	at java.net.URI$Parser.parseHierarchical(URI.java:3105)
	at java.net.URI$Parser.parse(URI.java:3053)
	at java.net.URI.&lt;init&gt;(URI.java:588)
	at java.net.URI.create(URI.java:850)
	... 28 more
... Removed 24 stack frames</pre></div><a href='#' onClick='toggleBox("stack-trace726212590", this, "Click to show all stack frames", "Click to hide stack frames")'>Click to show all stack frames</a>
<div class='stack-trace' id='stack-trace726212590'><pre>java.lang.IllegalArgumentException: Illegal character in path at index 46: https://ea-uat.covestro.cn/api/contentType/Add

	at java.net.URI.create(URI.java:852)
	at org.apache.http.client.methods.HttpPost.&lt;init&gt;(HttpPost.java:73)
	at com.lemon.utils.HttpUtils.testPostJson(HttpUtils.java:89)
	at com.lemon.utils.HttpUtils.call(HttpUtils.java:29)
	at com.lemon.cases.CreateType.test(CreateType.java:18)
	at sun.reflect.NativeMethodAccessorImpl.invoke0(Native Method)
	at sun.reflect.NativeMethodAccessorImpl.invoke(NativeMethodAccessorImpl.java:62)
	at sun.reflect.DelegatingMethodAccessorImpl.invoke(DelegatingMethodAccessorImpl.java:43)
	at java.lang.reflect.Method.invoke(Method.java:498)
	at org.testng.internal.MethodInvocationHelper.invokeMethod(MethodInvocationHelper.java:84)
	at org.testng.internal.Invoker.invokeMethod(Invoker.java:714)
	at org.testng.internal.Invoker.invokeTestMethod(Invoker.java:901)
	at org.testng.internal.Invoker.invokeTestMethods(Invoker.java:1231)
	at org.testng.internal.TestMethodWorker.invokeTestMethods(TestMethodWorker.java:127)
	at org.testng.internal.TestMethodWorker.run(TestMethodWorker.java:111)
	at org.testng.TestRunner.privateRun(TestRunner.java:767)
	at org.testng.TestRunner.run(TestRunner.java:617)
	at org.testng.SuiteRunner.runTest(SuiteRunner.java:348)
	at org.testng.SuiteRunner.runSequentially(SuiteRunner.java:343)
	at org.testng.SuiteRunner.privateRun(SuiteRunner.java:305)
	at org.testng.SuiteRunner.run(SuiteRunner.java:254)
	at org.testng.SuiteRunnerWorker.runSuite(SuiteRunnerWorker.java:52)
	at org.testng.SuiteRunnerWorker.run(SuiteRunnerWorker.java:86)
	at org.testng.TestNG.runSuitesSequentially(TestNG.java:1224)
	at org.testng.TestNG.runSuitesLocally(TestNG.java:1149)
	at org.testng.TestNG.run(TestNG.java:1057)
	at org.testng.remote.RemoteTestNG.run(RemoteTestNG.java:111)
	at org.testng.remote.RemoteTestNG.initAndRun(RemoteTestNG.java:204)
	at org.testng.remote.RemoteTestNG.main(RemoteTestNG.java:175)
Caused by: java.net.URISyntaxException: Illegal character in path at index 46: https://ea-uat.covestro.cn/api/contentType/Add

	at java.net.URI$Parser.fail(URI.java:2848)
	at java.net.URI$Parser.checkChars(URI.java:3021)
	at java.net.URI$Parser.parseHierarchical(URI.java:3105)
	at java.net.URI$Parser.parse(URI.java:3053)
	at java.net.URI.&lt;init&gt;(URI.java:588)
	at java.net.URI.create(URI.java:850)
	... 28 more
</pre></div></td>
<td>0</td>
<td>com.lemon.cases.CreateType@3834d63f</td></tr>
<tr>
<td title='com.lemon.cases.CreateType.test()'><b>test</b><br>Test class: com.lemon.cases.CreateType<br>Parameters: API [apiId=2, name=addContentType, type=post, url=https://ea-uat.covestro.cn/api/contentType/Add
, contentType=json], Case [caseId=10, desc=传内容类别，可用，传不存在editorid, params={"typeName": "test-0109","isEnable": true,"owners": [8327],"editors": [1111111]}, apiId=2]</td>
<td><div><pre>java.lang.IllegalArgumentException: Illegal character in path at index 46: https://ea-uat.covestro.cn/api/contentType/Add

	at java.net.URI.create(URI.java:852)
	at org.apache.http.client.methods.HttpPost.&lt;init&gt;(HttpPost.java:73)
	at com.lemon.utils.HttpUtils.testPostJson(HttpUtils.java:89)
	at com.lemon.utils.HttpUtils.call(HttpUtils.java:29)
	at com.lemon.cases.CreateType.test(CreateType.java:18)
Caused by: java.net.URISyntaxException: Illegal character in path at index 46: https://ea-uat.covestro.cn/api/contentType/Add

	at java.net.URI$Parser.fail(URI.java:2848)
	at java.net.URI$Parser.checkChars(URI.java:3021)
	at java.net.URI$Parser.parseHierarchical(URI.java:3105)
	at java.net.URI$Parser.parse(URI.java:3053)
	at java.net.URI.&lt;init&gt;(URI.java:588)
	at java.net.URI.create(URI.java:850)
	... 28 more
... Removed 24 stack frames</pre></div><a href='#' onClick='toggleBox("stack-trace1367672657", this, "Click to show all stack frames", "Click to hide stack frames")'>Click to show all stack frames</a>
<div class='stack-trace' id='stack-trace1367672657'><pre>java.lang.IllegalArgumentException: Illegal character in path at index 46: https://ea-uat.covestro.cn/api/contentType/Add

	at java.net.URI.create(URI.java:852)
	at org.apache.http.client.methods.HttpPost.&lt;init&gt;(HttpPost.java:73)
	at com.lemon.utils.HttpUtils.testPostJson(HttpUtils.java:89)
	at com.lemon.utils.HttpUtils.call(HttpUtils.java:29)
	at com.lemon.cases.CreateType.test(CreateType.java:18)
	at sun.reflect.NativeMethodAccessorImpl.invoke0(Native Method)
	at sun.reflect.NativeMethodAccessorImpl.invoke(NativeMethodAccessorImpl.java:62)
	at sun.reflect.DelegatingMethodAccessorImpl.invoke(DelegatingMethodAccessorImpl.java:43)
	at java.lang.reflect.Method.invoke(Method.java:498)
	at org.testng.internal.MethodInvocationHelper.invokeMethod(MethodInvocationHelper.java:84)
	at org.testng.internal.Invoker.invokeMethod(Invoker.java:714)
	at org.testng.internal.Invoker.invokeTestMethod(Invoker.java:901)
	at org.testng.internal.Invoker.invokeTestMethods(Invoker.java:1231)
	at org.testng.internal.TestMethodWorker.invokeTestMethods(TestMethodWorker.java:127)
	at org.testng.internal.TestMethodWorker.run(TestMethodWorker.java:111)
	at org.testng.TestRunner.privateRun(TestRunner.java:767)
	at org.testng.TestRunner.run(TestRunner.java:617)
	at org.testng.SuiteRunner.runTest(SuiteRunner.java:348)
	at org.testng.SuiteRunner.runSequentially(SuiteRunner.java:343)
	at org.testng.SuiteRunner.privateRun(SuiteRunner.java:305)
	at org.testng.SuiteRunner.run(SuiteRunner.java:254)
	at org.testng.SuiteRunnerWorker.runSuite(SuiteRunnerWorker.java:52)
	at org.testng.SuiteRunnerWorker.run(SuiteRunnerWorker.java:86)
	at org.testng.TestNG.runSuitesSequentially(TestNG.java:1224)
	at org.testng.TestNG.runSuitesLocally(TestNG.java:1149)
	at org.testng.TestNG.run(TestNG.java:1057)
	at org.testng.remote.RemoteTestNG.run(RemoteTestNG.java:111)
	at org.testng.remote.RemoteTestNG.initAndRun(RemoteTestNG.java:204)
	at org.testng.remote.RemoteTestNG.main(RemoteTestNG.java:175)
Caused by: java.net.URISyntaxException: Illegal character in path at index 46: https://ea-uat.covestro.cn/api/contentType/Add

	at java.net.URI$Parser.fail(URI.java:2848)
	at java.net.URI$Parser.checkChars(URI.java:3021)
	at java.net.URI$Parser.parseHierarchical(URI.java:3105)
	at java.net.URI$Parser.parse(URI.java:3053)
	at java.net.URI.&lt;init&gt;(URI.java:588)
	at java.net.URI.create(URI.java:850)
	... 28 more
</pre></div></td>
<td>0</td>
<td>com.lemon.cases.CreateType@3834d63f</td></tr>
<tr>
<td title='com.lemon.cases.CreateType.test()'><b>test</b><br>Test class: com.lemon.cases.CreateType<br>Parameters: API [apiId=2, name=addContentType, type=post, url=https://ea-uat.covestro.cn/api/contentType/Add
, contentType=json], Case [caseId=11, desc=不传内容类别，可用，ownerid，editorid, params={"typeName": "","isEnable": true,"owners": [8327],"editors": [14128]}, apiId=2]</td>
<td><div><pre>java.lang.IllegalArgumentException: Illegal character in path at index 46: https://ea-uat.covestro.cn/api/contentType/Add

	at java.net.URI.create(URI.java:852)
	at org.apache.http.client.methods.HttpPost.&lt;init&gt;(HttpPost.java:73)
	at com.lemon.utils.HttpUtils.testPostJson(HttpUtils.java:89)
	at com.lemon.utils.HttpUtils.call(HttpUtils.java:29)
	at com.lemon.cases.CreateType.test(CreateType.java:18)
Caused by: java.net.URISyntaxException: Illegal character in path at index 46: https://ea-uat.covestro.cn/api/contentType/Add

	at java.net.URI$Parser.fail(URI.java:2848)
	at java.net.URI$Parser.checkChars(URI.java:3021)
	at java.net.URI$Parser.parseHierarchical(URI.java:3105)
	at java.net.URI$Parser.parse(URI.java:3053)
	at java.net.URI.&lt;init&gt;(URI.java:588)
	at java.net.URI.create(URI.java:850)
	... 28 more
... Removed 24 stack frames</pre></div><a href='#' onClick='toggleBox("stack-trace2061440682", this, "Click to show all stack frames", "Click to hide stack frames")'>Click to show all stack frames</a>
<div class='stack-trace' id='stack-trace2061440682'><pre>java.lang.IllegalArgumentException: Illegal character in path at index 46: https://ea-uat.covestro.cn/api/contentType/Add

	at java.net.URI.create(URI.java:852)
	at org.apache.http.client.methods.HttpPost.&lt;init&gt;(HttpPost.java:73)
	at com.lemon.utils.HttpUtils.testPostJson(HttpUtils.java:89)
	at com.lemon.utils.HttpUtils.call(HttpUtils.java:29)
	at com.lemon.cases.CreateType.test(CreateType.java:18)
	at sun.reflect.NativeMethodAccessorImpl.invoke0(Native Method)
	at sun.reflect.NativeMethodAccessorImpl.invoke(NativeMethodAccessorImpl.java:62)
	at sun.reflect.DelegatingMethodAccessorImpl.invoke(DelegatingMethodAccessorImpl.java:43)
	at java.lang.reflect.Method.invoke(Method.java:498)
	at org.testng.internal.MethodInvocationHelper.invokeMethod(MethodInvocationHelper.java:84)
	at org.testng.internal.Invoker.invokeMethod(Invoker.java:714)
	at org.testng.internal.Invoker.invokeTestMethod(Invoker.java:901)
	at org.testng.internal.Invoker.invokeTestMethods(Invoker.java:1231)
	at org.testng.internal.TestMethodWorker.invokeTestMethods(TestMethodWorker.java:127)
	at org.testng.internal.TestMethodWorker.run(TestMethodWorker.java:111)
	at org.testng.TestRunner.privateRun(TestRunner.java:767)
	at org.testng.TestRunner.run(TestRunner.java:617)
	at org.testng.SuiteRunner.runTest(SuiteRunner.java:348)
	at org.testng.SuiteRunner.runSequentially(SuiteRunner.java:343)
	at org.testng.SuiteRunner.privateRun(SuiteRunner.java:305)
	at org.testng.SuiteRunner.run(SuiteRunner.java:254)
	at org.testng.SuiteRunnerWorker.runSuite(SuiteRunnerWorker.java:52)
	at org.testng.SuiteRunnerWorker.run(SuiteRunnerWorker.java:86)
	at org.testng.TestNG.runSuitesSequentially(TestNG.java:1224)
	at org.testng.TestNG.runSuitesLocally(TestNG.java:1149)
	at org.testng.TestNG.run(TestNG.java:1057)
	at org.testng.remote.RemoteTestNG.run(RemoteTestNG.java:111)
	at org.testng.remote.RemoteTestNG.initAndRun(RemoteTestNG.java:204)
	at org.testng.remote.RemoteTestNG.main(RemoteTestNG.java:175)
Caused by: java.net.URISyntaxException: Illegal character in path at index 46: https://ea-uat.covestro.cn/api/contentType/Add

	at java.net.URI$Parser.fail(URI.java:2848)
	at java.net.URI$Parser.checkChars(URI.java:3021)
	at java.net.URI$Parser.parseHierarchical(URI.java:3105)
	at java.net.URI$Parser.parse(URI.java:3053)
	at java.net.URI.&lt;init&gt;(URI.java:588)
	at java.net.URI.create(URI.java:850)
	... 28 more
</pre></div></td>
<td>0</td>
<td>com.lemon.cases.CreateType@3834d63f</td></tr>
<tr>
<td title='com.lemon.cases.CreateType.test()'><b>test</b><br>Test class: com.lemon.cases.CreateType<br>Parameters: API [apiId=2, name=addContentType, type=post, url=https://ea-uat.covestro.cn/api/contentType/Add
, contentType=json], Case [caseId=11, desc=重复的内容类别，可用，ownerid，editorid, params={"typeName": "test0108","isEnable": true,"owners": [8327],"editors": [14128]}, apiId=2]</td>
<td><div><pre>java.lang.IllegalArgumentException: Illegal character in path at index 46: https://ea-uat.covestro.cn/api/contentType/Add

	at java.net.URI.create(URI.java:852)
	at org.apache.http.client.methods.HttpPost.&lt;init&gt;(HttpPost.java:73)
	at com.lemon.utils.HttpUtils.testPostJson(HttpUtils.java:89)
	at com.lemon.utils.HttpUtils.call(HttpUtils.java:29)
	at com.lemon.cases.CreateType.test(CreateType.java:18)
Caused by: java.net.URISyntaxException: Illegal character in path at index 46: https://ea-uat.covestro.cn/api/contentType/Add

	at java.net.URI$Parser.fail(URI.java:2848)
	at java.net.URI$Parser.checkChars(URI.java:3021)
	at java.net.URI$Parser.parseHierarchical(URI.java:3105)
	at java.net.URI$Parser.parse(URI.java:3053)
	at java.net.URI.&lt;init&gt;(URI.java:588)
	at java.net.URI.create(URI.java:850)
	... 28 more
... Removed 24 stack frames</pre></div><a href='#' onClick='toggleBox("stack-trace1123226989", this, "Click to show all stack frames", "Click to hide stack frames")'>Click to show all stack frames</a>
<div class='stack-trace' id='stack-trace1123226989'><pre>java.lang.IllegalArgumentException: Illegal character in path at index 46: https://ea-uat.covestro.cn/api/contentType/Add

	at java.net.URI.create(URI.java:852)
	at org.apache.http.client.methods.HttpPost.&lt;init&gt;(HttpPost.java:73)
	at com.lemon.utils.HttpUtils.testPostJson(HttpUtils.java:89)
	at com.lemon.utils.HttpUtils.call(HttpUtils.java:29)
	at com.lemon.cases.CreateType.test(CreateType.java:18)
	at sun.reflect.NativeMethodAccessorImpl.invoke0(Native Method)
	at sun.reflect.NativeMethodAccessorImpl.invoke(NativeMethodAccessorImpl.java:62)
	at sun.reflect.DelegatingMethodAccessorImpl.invoke(DelegatingMethodAccessorImpl.java:43)
	at java.lang.reflect.Method.invoke(Method.java:498)
	at org.testng.internal.MethodInvocationHelper.invokeMethod(MethodInvocationHelper.java:84)
	at org.testng.internal.Invoker.invokeMethod(Invoker.java:714)
	at org.testng.internal.Invoker.invokeTestMethod(Invoker.java:901)
	at org.testng.internal.Invoker.invokeTestMethods(Invoker.java:1231)
	at org.testng.internal.TestMethodWorker.invokeTestMethods(TestMethodWorker.java:127)
	at org.testng.internal.TestMethodWorker.run(TestMethodWorker.java:111)
	at org.testng.TestRunner.privateRun(TestRunner.java:767)
	at org.testng.TestRunner.run(TestRunner.java:617)
	at org.testng.SuiteRunner.runTest(SuiteRunner.java:348)
	at org.testng.SuiteRunner.runSequentially(SuiteRunner.java:343)
	at org.testng.SuiteRunner.privateRun(SuiteRunner.java:305)
	at org.testng.SuiteRunner.run(SuiteRunner.java:254)
	at org.testng.SuiteRunnerWorker.runSuite(SuiteRunnerWorker.java:52)
	at org.testng.SuiteRunnerWorker.run(SuiteRunnerWorker.java:86)
	at org.testng.TestNG.runSuitesSequentially(TestNG.java:1224)
	at org.testng.TestNG.runSuitesLocally(TestNG.java:1149)
	at org.testng.TestNG.run(TestNG.java:1057)
	at org.testng.remote.RemoteTestNG.run(RemoteTestNG.java:111)
	at org.testng.remote.RemoteTestNG.initAndRun(RemoteTestNG.java:204)
	at org.testng.remote.RemoteTestNG.main(RemoteTestNG.java:175)
Caused by: java.net.URISyntaxException: Illegal character in path at index 46: https://ea-uat.covestro.cn/api/contentType/Add

	at java.net.URI$Parser.fail(URI.java:2848)
	at java.net.URI$Parser.checkChars(URI.java:3021)
	at java.net.URI$Parser.parseHierarchical(URI.java:3105)
	at java.net.URI$Parser.parse(URI.java:3053)
	at java.net.URI.&lt;init&gt;(URI.java:588)
	at java.net.URI.create(URI.java:850)
	... 28 more
</pre></div></td>
<td>0</td>
<td>com.lemon.cases.CreateType@3834d63f</td></tr>
</table><p>
<table width='100%' border='1' class='invocation-passed'>
<tr><td colspan='4' align='center'><b>PASSED TESTS</b></td></tr>
<tr><td><b>Test method</b></td>
<td width="30%"><b>Exception</b></td>
<td width="10%"><b>Time (seconds)</b></td>
<td><b>Instance</b></td>
</tr>
<tr>
<td title='com.lemon.cases.Login.test()'><b>test</b><br>Test class: com.lemon.cases.Login<br>Parameters: API [apiId=1, name=login, type=post, url=https://ea-uat.covestro.cn/api/TokenAuth/Authenticate, contentType=json], Case [caseId=1, desc=传邮箱,不传密码, params={"email":"623115450@qq.com","password":""}, apiId=1]</td>
<td></td>
<td>1</td>
<td>com.lemon.cases.Login@63d4e2ba</td></tr>
<tr>
<td title='com.lemon.cases.Login.test()'><b>test</b><br>Test class: com.lemon.cases.Login<br>Parameters: API [apiId=1, name=login, type=post, url=https://ea-uat.covestro.cn/api/TokenAuth/Authenticate, contentType=json], Case [caseId=2, desc=不传邮箱，传密码, params={"email":"","password":"Sh@nghai123"}, apiId=1]</td>
<td></td>
<td>0</td>
<td>com.lemon.cases.Login@63d4e2ba</td></tr>
<tr>
<td title='com.lemon.cases.Login.test()'><b>test</b><br>Test class: com.lemon.cases.Login<br>Parameters: API [apiId=1, name=login, type=post, url=https://ea-uat.covestro.cn/api/TokenAuth/Authenticate, contentType=json], Case [caseId=3, desc=不合格的邮箱, params={"email":"jinjin.ma","password":""}, apiId=1]</td>
<td></td>
<td>0</td>
<td>com.lemon.cases.Login@63d4e2ba</td></tr>
<tr>
<td title='com.lemon.cases.Login.test()'><b>test</b><br>Test class: com.lemon.cases.Login<br>Parameters: API [apiId=1, name=login, type=post, url=https://ea-uat.covestro.cn/api/TokenAuth/Authenticate, contentType=json], Case [caseId=4, desc=合格的邮箱+不合格密码, params={"email":"623115450@qq.com","password":"123456"}, apiId=1]</td>
<td></td>
<td>0</td>
<td>com.lemon.cases.Login@63d4e2ba</td></tr>
<tr>
<td title='com.lemon.cases.Login.test()'><b>test</b><br>Test class: com.lemon.cases.Login<br>Parameters: API [apiId=1, name=login, type=post, url=https://ea-uat.covestro.cn/api/TokenAuth/Authenticate, contentType=json], Case [caseId=5, desc=合格邮箱+合格密码, params={"email":"623115450@qq.com","password":"Sh@nghai123"}, apiId=1]</td>
<td></td>
<td>0</td>
<td>com.lemon.cases.Login@63d4e2ba</td></tr>
</table><p>
</body>
</html>